#
# There is insufficient memory for the Java Runtime Environment to continue.
# Native memory allocation (mmap) failed to map 264241152 bytes for G1 virtual space
# Possible reasons:
#   The system is out of physical RAM or swap space
#   The process is running with CompressedOops enabled, and the Java Heap may be blocking the growth of the native heap
# Possible solutions:
#   Reduce memory load on the system
#   Increase physical memory or swap space
#   Check if swap backing store is full
#   Decrease Java heap size (-Xmx/-Xms)
#   Decrease number of Java threads
#   Decrease Java thread stack sizes (-Xss)
#   Set larger code cache with -XX:ReservedCodeCacheSize=
#   JVM is running with Zero Based Compressed Oops mode in which the Java heap is
#     placed in the first 32GB address space. The Java Heap base address is the
#     maximum limit for the native heap growth. Please use -XX:HeapBaseMinAddress
#     to set the Java Heap base and to place the Java Heap above 32GB virtual address.
# This output file may be truncated or incomplete.
#
#  Out of Memory Error (os_windows.cpp:3825), pid=24892, tid=9152
#
# JRE version:  (17.0.9+7) (build )
# Java VM: OpenJDK 64-Bit Server VM (17.0.9+7-b1087.9, mixed mode, sharing, tiered, compressed oops, compressed class ptrs, g1 gc, windows-amd64)
# No core dump will be written. Minidumps are not enabled by default on client versions of Windows
#

---------------  S U M M A R Y ------------

Command Line: git4idea.http.GitAskPassApp Username for 'https://github.com': 

Host: Intel(R) Core(TM) i7-10750H CPU @ 2.60GHz, 12 cores, 15G,  Windows 10 , 64 bit Build 19041 (10.0.19041.3636)
Time: Mon Feb 26 22:32:27 2024 Eastern Standard Time elapsed time: 0.013177 seconds (0d 0h 0m 0s)

---------------  T H R E A D  ---------------

Current thread (0x0000022d8ec2acd0):  JavaThread "Unknown thread" [_thread_in_vm, id=9152, stack(0x00000063bd000000,0x00000063bd100000)]

Stack: [0x00000063bd000000,0x00000063bd100000]
Native frames: (J=compiled Java code, j=interpreted, Vv=VM code, C=native code)
V  [jvm.dll+0x688349]
V  [jvm.dll+0x841bfa]
V  [jvm.dll+0x84383e]
V  [jvm.dll+0x843ea3]
V  [jvm.dll+0x24bdef]
V  [jvm.dll+0x6850f9]
V  [jvm.dll+0x67988a]
V  [jvm.dll+0x30cbfb]
V  [jvm.dll+0x3140a6]
V  [jvm.dll+0x363ede]
V  [jvm.dll+0x36410f]
V  [jvm.dll+0x2e29c8]
V  [jvm.dll+0x2e3934]
V  [jvm.dll+0x812771]
V  [jvm.dll+0x371d41]
V  [jvm.dll+0x7f12bc]
V  [jvm.dll+0x3f59cf]
V  [jvm.dll+0x3f7601]
C  [jli.dll+0x528f]
C  [ucrtbase.dll+0x21bb2]
C  [KERNEL32.DLL+0x17344]
C  [ntdll.dll+0x526b1]


---------------  P R O C E S S  ---------------

Threads class SMR info:
_java_thread_list=0x00007ff88cf6df18, length=0, elements={
}

Java Threads: ( => current thread )

Other Threads:
  0x0000022d8ec96230 GCTaskThread "GC Thread#0" [stack: 0x00000063bd100000,0x00000063bd200000] [id=30452]
  0x0000022d8eca6dd0 ConcurrentGCThread "G1 Main Marker" [stack: 0x00000063bd200000,0x00000063bd300000] [id=14484]
  0x0000022d8eca7f90 ConcurrentGCThread "G1 Conc#0" [stack: 0x00000063bd300000,0x00000063bd400000] [id=5976]

[error occurred during error reporting (printing all threads), id 0xc0000005, EXCEPTION_ACCESS_VIOLATION (0xc0000005) at pc=0x00007ff88c723597]

VM state: not at safepoint (not fully initialized)

VM Mutex/Monitor currently owned by a thread:  ([mutex/lock_event])
[0x0000022d8ec26d60] Heap_lock - owner thread: 0x0000022d8ec2acd0

Heap address: 0x0000000704800000, size: 4024 MB, Compressed Oops mode: Zero based, Oop shift amount: 3

CDS archive(s) mapped at: [0x0000000000000000-0x0000000000000000-0x0000000000000000), size 0, SharedBaseAddress: 0x0000000800000000, ArchiveRelocationMode: 1.
Narrow klass base: 0x0000000000000000, Narrow klass shift: 0, Narrow klass range: 0x0

GC Precious Log:
<Empty>

Heap:
 garbage-first heap   total 0K, used 0K [0x0000000704800000, 0x0000000800000000)
  region size 2048K, 0 young (0K), 0 survivors (0K)
 Metaspace       used 0K, committed 0K, reserved 0K
  class space    used 0K, committed 0K, reserved 0K

Heap Regions: E=young(eden), S=young(survivor), O=old, HS=humongous(starts), HC=humongous(continues), CS=collection set, F=free, OA=open archive, CA=closed archive, TAMS=top-at-mark-start (previous, next)

Card table byte_map: [0x0000022da20d0000,0x0000022da28b0000] _byte_map_base: 0x0000022d9e8ac000

Marking Bits (Prev, Next): (CMBitMap*) 0x0000022d8ec96850, (CMBitMap*) 0x0000022d8ec96890
 Prev Bits: [0x0000022da3090000, 0x0000022da6f70000)
 Next Bits: [0x0000022da6f70000, 0x0000022daae50000)

GC Heap History (0 events):
No events

Dll operation events (1 events):
Event: 0.008 Loaded shared library D:\Program Files\JetBrains\WebStorm 2023.3.2\jbr\bin\java.dll

Deoptimization events (0 events):
No events

Classes unloaded (0 events):
No events

Classes redefined (0 events):
No events

Internal exceptions (0 events):
No events

VM Operations (0 events):
No events

Events (0 events):
No events


Dynamic libraries:
0x00007ff6e08e0000 - 0x00007ff6e08ea000 	D:\Program Files\JetBrains\WebStorm 2023.3.2\jbr\bin\java.exe
0x00007ff8fc690000 - 0x00007ff8fc888000 	C:\WINDOWS\SYSTEM32\ntdll.dll
0x00007ff8c9160000 - 0x00007ff8c9179000 	C:\Program Files\AVG\Antivirus\aswhook.dll
0x00007ff8fc3e0000 - 0x00007ff8fc49d000 	C:\WINDOWS\System32\KERNEL32.DLL
0x00007ff8fa0f0000 - 0x00007ff8fa3e6000 	C:\WINDOWS\System32\KERNELBASE.dll
0x00007ff8f9df0000 - 0x00007ff8f9ef0000 	C:\WINDOWS\System32\ucrtbase.dll
0x00007ff8dc340000 - 0x00007ff8dc357000 	D:\Program Files\JetBrains\WebStorm 2023.3.2\jbr\bin\jli.dll
0x00007ff8dc5d0000 - 0x00007ff8dc5eb000 	D:\Program Files\JetBrains\WebStorm 2023.3.2\jbr\bin\VCRUNTIME140.dll
0x00007ff8fab20000 - 0x00007ff8facbe000 	C:\WINDOWS\System32\USER32.dll
0x00007ff8e4430000 - 0x00007ff8e46ca000 	C:\WINDOWS\WinSxS\amd64_microsoft.windows.common-controls_6595b64144ccf1df_6.0.19041.3636_none_60b6a03d71f818d5\COMCTL32.dll
0x00007ff8fa3f0000 - 0x00007ff8fa412000 	C:\WINDOWS\System32\win32u.dll
0x00007ff8fb170000 - 0x00007ff8fb20e000 	C:\WINDOWS\System32\msvcrt.dll
0x00007ff8fb680000 - 0x00007ff8fb6ab000 	C:\WINDOWS\System32\GDI32.dll
0x00007ff8fa580000 - 0x00007ff8fa697000 	C:\WINDOWS\System32\gdi32full.dll
0x00007ff8f9d50000 - 0x00007ff8f9ded000 	C:\WINDOWS\System32\msvcp_win.dll
0x00007ff8faae0000 - 0x00007ff8fab12000 	C:\WINDOWS\System32\IMM32.DLL
0x00007ff8f32e0000 - 0x00007ff8f32ec000 	D:\Program Files\JetBrains\WebStorm 2023.3.2\jbr\bin\vcruntime140_1.dll
0x00007ff8b2c60000 - 0x00007ff8b2ced000 	D:\Program Files\JetBrains\WebStorm 2023.3.2\jbr\bin\msvcp140.dll
0x00007ff88c430000 - 0x00007ff88d0b2000 	D:\Program Files\JetBrains\WebStorm 2023.3.2\jbr\bin\server\jvm.dll
0x00007ff8fb900000 - 0x00007ff8fb9b3000 	C:\WINDOWS\System32\ADVAPI32.dll
0x00007ff8fb6c0000 - 0x00007ff8fb75f000 	C:\WINDOWS\System32\sechost.dll
0x00007ff8fb760000 - 0x00007ff8fb886000 	C:\WINDOWS\System32\RPCRT4.dll
0x00007ff8fa6a0000 - 0x00007ff8fa6c7000 	C:\WINDOWS\System32\bcrypt.dll
0x00007ff8f92f0000 - 0x00007ff8f933b000 	C:\WINDOWS\SYSTEM32\POWRPROF.dll
0x00007ff8e8480000 - 0x00007ff8e84a7000 	C:\WINDOWS\SYSTEM32\WINMM.dll
0x00007ff8e97e0000 - 0x00007ff8e97e9000 	C:\WINDOWS\SYSTEM32\WSOCK32.dll
0x00007ff8ea550000 - 0x00007ff8ea55a000 	C:\WINDOWS\SYSTEM32\VERSION.dll
0x00007ff8fb890000 - 0x00007ff8fb8fb000 	C:\WINDOWS\System32\WS2_32.dll
0x00007ff8f9160000 - 0x00007ff8f9172000 	C:\WINDOWS\SYSTEM32\UMPDC.dll
0x00007ff8f8550000 - 0x00007ff8f8562000 	C:\WINDOWS\SYSTEM32\kernel.appcore.dll
0x00007ff8f5180000 - 0x00007ff8f518a000 	D:\Program Files\JetBrains\WebStorm 2023.3.2\jbr\bin\jimage.dll
0x00007ff8f80b0000 - 0x00007ff8f8294000 	C:\WINDOWS\SYSTEM32\DBGHELP.DLL
0x00007ff8e9760000 - 0x00007ff8e9794000 	C:\WINDOWS\SYSTEM32\dbgcore.DLL
0x00007ff8f9f60000 - 0x00007ff8f9fe2000 	C:\WINDOWS\System32\bcryptPrimitives.dll
0x00007ff8e4cd0000 - 0x00007ff8e4cf5000 	D:\Program Files\JetBrains\WebStorm 2023.3.2\jbr\bin\java.dll

dbghelp: loaded successfully - version: 4.0.5 - missing functions: none
symbol engine: initialized successfully - sym options: 0x614 - pdb path: .;D:\Program Files\JetBrains\WebStorm 2023.3.2\jbr\bin;C:\WINDOWS\SYSTEM32;C:\Program Files\AVG\Antivirus;C:\WINDOWS\WinSxS\amd64_microsoft.windows.common-controls_6595b64144ccf1df_6.0.19041.3636_none_60b6a03d71f818d5;D:\Program Files\JetBrains\WebStorm 2023.3.2\jbr\bin\server

VM Arguments:
java_command: git4idea.http.GitAskPassApp Username for 'https://github.com': 
java_class_path (initial): D:/Program Files/JetBrains/WebStorm 2023.3.2/plugins/vcs-git/lib/git4idea-rt.jar;D:/Program Files/JetBrains/WebStorm 2023.3.2/lib/externalProcess-rt.jar
Launcher Type: SUN_STANDARD

[Global flags]
     intx CICompilerCount                          = 4                                         {product} {ergonomic}
     uint ConcGCThreads                            = 3                                         {product} {ergonomic}
     uint G1ConcRefinementThreads                  = 10                                        {product} {ergonomic}
   size_t G1HeapRegionSize                         = 2097152                                   {product} {ergonomic}
    uintx GCDrainStackTargetSize                   = 64                                        {product} {ergonomic}
   size_t InitialHeapSize                          = 264241152                                 {product} {ergonomic}
   size_t MarkStackSize                            = 4194304                                   {product} {ergonomic}
   size_t MaxHeapSize                              = 4219469824                                {product} {ergonomic}
   size_t MinHeapDeltaBytes                        = 2097152                                   {product} {ergonomic}
   size_t MinHeapSize                              = 8388608                                   {product} {ergonomic}
    uintx NonNMethodCodeHeapSize                   = 5839372                                {pd product} {ergonomic}
    uintx NonProfiledCodeHeapSize                  = 122909434                              {pd product} {ergonomic}
    uintx ProfiledCodeHeapSize                     = 122909434                              {pd product} {ergonomic}
    uintx ReservedCodeCacheSize                    = 251658240                              {pd product} {ergonomic}
     bool SegmentedCodeCache                       = true                                      {product} {ergonomic}
   size_t SoftMaxHeapSize                          = 4219469824                             {manageable} {ergonomic}
     bool UseCompressedClassPointers               = true                           {product lp64_product} {ergonomic}
     bool UseCompressedOops                        = true                           {product lp64_product} {ergonomic}
     bool UseG1GC                                  = true                                      {product} {ergonomic}
     bool UseLargePagesIndividualAllocation        = false                                  {pd product} {ergonomic}

Logging:
Log output configuration:
 #0: stdout all=warning uptime,level,tags
 #1: stderr all=off uptime,level,tags

Environment Variables:
PATH=D:\Program Files\Git\mingw64\libexec\git-core;D:\Program Files\Git\mingw64\libexec\git-core;D:\Program Files\Git\mingw64\bin;D:\Program Files\Git\usr\bin;C:\Users\steel\bin;C:\Python312\Scripts;C:\Python312;C:\Program Files (x86)\NVIDIA Corporation\PhysX\Common;C:\Program Files (x86)\Common Files\Oracle\Java\javapath;C:\Python310\Scripts;C:\Python310;C:\Program Files\NVIDIA GPU Computing Toolkit\CUDA\v11.5\bin;C:\Program Files\NVIDIA GPU Computing Toolkit\CUDA\v11.5\libnvvp;C:\Program Files\Oculus\Support\oculus-runtime;C:\Windows\system32;C:\Windows;C:\Windows\System32\Wbem;C:\Windows\System32\WindowsPowerShell\v1.0;C:\Windows\System32\OpenSSH;C:\Program Files\NVIDIA Corporation\NVIDIA NvDLISR;C:\Program Files\Microsoft SQL Server\Client SDK\ODBC\110\Tools\Binn;C:\Program Files (x86)\Microsoft SQL Server\120\Tools\Binn;C:\Program Files\Microsoft SQL Server\120\Tools\Binn;C:\Program Files\Microsoft SQL Server\120\DTS\Binn;C:\Program Files (x86)\Windows Kits\8.1\Windows Performance Toolkit;D:\Program Files\PuTTY;C:\Program Files\NVIDIA Corporation\Nsight Compute 2021.3.0;C:\Program Files (x86)\dotnet;C:\Users\steel\AppData\Roaming\nvm;C:\Program Files\nodejs;C:\ProgramData\chocolatey\bin;C:\Program Files\dotnet;D:\Program Files\Git\cmd;D:\Program Files\MATLAB\R2023b\bin;D:\Program Files\nodejs;C:\Program Files\Docker\Docker\resources\bin;D:\Users\steel\anaconda3;D:\Users\steel\anaconda3\Library\mingw-w64\bin;D:\Users\steel\anaconda3\Library\usr\bin;D:\Users\steel\anaconda3\Library\bin;D:\Users\steel\anaconda3\Scripts;C:\Users\steel\AppData\Local\Programs\Python\Python39\Scripts;C:\Users\steel\AppData\Local\Programs\Python\Python39;C:\Users\steel\AppData\Local\Microsoft\WindowsApps;C:\Program Files\JetBrains\PyCharm Community Edition 2021.1.3\bin;D:\Users\steel\AppData\Local\Programs\Microsoft VS Code\bin;D:\Program Files\Git\;D:\SDRSharp\bin;C:\Users\steel\AppData\Roaming\nvm;C:\Program Files\nodejs;D:\texlive\2021\bin\win32;C:\Users\steel\AppData\Local\GitHubDeskt
USERNAME=steel
DISPLAY=:0.0
LC_ALL=en_US.UTF-8
TERM=xterm-256color
TMPDIR=C:\Users\steel\AppData\Local\Temp
OS=Windows_NT
PROCESSOR_IDENTIFIER=Intel64 Family 6 Model 165 Stepping 2, GenuineIntel
TMP=C:\Users\steel\AppData\Local\Temp
TEMP=C:\Users\steel\AppData\Local\Temp



Periodic native trim disabled

JNI global refs:
JNI global refs: 0, weak refs: 0

JNI global refs memory usage: 0, weak refs: 0

OOME stack traces (most recent first):
Classloader memory used:


---------------  S Y S T E M  ---------------

OS:
 Windows 10 , 64 bit Build 19041 (10.0.19041.3636)
OS uptime: 0 days 3:48 hours
Hyper-V role detected

CPU: total 12 (initial active 12) (6 cores per cpu, 2 threads per core) family 6 model 165 stepping 2 microcode 0xf4, cx8, cmov, fxsr, ht, mmx, 3dnowpref, sse, sse2, sse3, ssse3, sse4.1, sse4.2, popcnt, lzcnt, tsc, tscinvbit, avx, avx2, aes, erms, clmul, bmi1, bmi2, adx, fma, vzeroupper, clflush, clflushopt, hv
Processor Information for all 12 processors :
  Max Mhz: 2592, Current Mhz: 2592, Mhz Limit: 2592

Memory: 4k page, system-wide physical 16095M (1494M free)
TotalPageFile size 25949M (AvailPageFile size 60M)
current process WorkingSet (physical memory assigned to process): 10M, peak: 10M
current process commit charge ("private bytes"): 64M, peak: 316M

vm_info: OpenJDK 64-Bit Server VM (17.0.9+7-b1087.9) for windows-amd64 JRE (17.0.9+7-b1087.9), built on 2023-12-05 by "builduser" with MS VC++ 16.10 / 16.11 (VS2019)

END.
